c:\gamedev\cpp20_server\cpp20_gameserver\moduleserver\gameserver\x64\debug\vc143.pdb
c:\gamedev\cpp20_server\cpp20_gameserver\moduleserver\gameserver\x64\debug\vc143.idb
c:\gamedev\cpp20_server\cpp20_gameserver\moduleserver\gameserver\x64\debug\gameserver.obj
c:\gamedev\cpp20_server\cpp20_gameserver\moduleserver\gameserver\x64\debug\pch.ixx.ifc
c:\gamedev\cpp20_server\cpp20_gameserver\moduleserver\gameserver\x64\debug\pch.ixx.ifc.d.json
c:\gamedev\cpp20_server\cpp20_gameserver\moduleserver\gameserver\x64\debug\pch.ixx.obj
c:\gamedev\cpp20_server\cpp20_gameserver\moduleserver\binary\debug\gameserver.exe
c:\gamedev\cpp20_server\cpp20_gameserver\moduleserver\binary\debug\gameserver.pdb
c:\gamedev\cpp20_server\cpp20_gameserver\moduleserver\gameserver\x64\debug\pch.ixx.module.json
c:\gamedev\cpp20_server\cpp20_gameserver\moduleserver\gameserver\x64\debug\gameserver.ilk
c:\gamedev\cpp20_server\cpp20_gameserver\moduleserver\gameserver\x64\debug\gameserver.tlog\cl.command.1.tlog
c:\gamedev\cpp20_server\cpp20_gameserver\moduleserver\gameserver\x64\debug\gameserver.tlog\cl.items.tlog
c:\gamedev\cpp20_server\cpp20_gameserver\moduleserver\gameserver\x64\debug\gameserver.tlog\cl.read.1.tlog
c:\gamedev\cpp20_server\cpp20_gameserver\moduleserver\gameserver\x64\debug\gameserver.tlog\cl.write.1.tlog
c:\gamedev\cpp20_server\cpp20_gameserver\moduleserver\gameserver\x64\debug\gameserver.tlog\link.command.1.tlog
c:\gamedev\cpp20_server\cpp20_gameserver\moduleserver\gameserver\x64\debug\gameserver.tlog\link.read.1.tlog
c:\gamedev\cpp20_server\cpp20_gameserver\moduleserver\gameserver\x64\debug\gameserver.tlog\link.secondary.1.tlog
c:\gamedev\cpp20_server\cpp20_gameserver\moduleserver\gameserver\x64\debug\gameserver.tlog\link.write.1.tlog
c:\gamedev\cpp20_server\cpp20_gameserver\moduleserver\gameserver\x64\debug\gameserver_md.tlog\cl.command.1.tlog
c:\gamedev\cpp20_server\cpp20_gameserver\moduleserver\gameserver\x64\debug\gameserver_md.tlog\microsoft.build.cpptasks.cl.read.1.tlog
c:\gamedev\cpp20_server\cpp20_gameserver\moduleserver\gameserver\x64\debug\gameserver_md.tlog\microsoft.build.cpptasks.cl.write.1.tlog
