c:\gamedev\cpp20_server\cpp20_gameserver\moduleserver\libraries\debug\servercore.pdb
c:\gamedev\cpp20_server\cpp20_gameserver\moduleserver\libraries\debug\servercore.idb
c:\gamedev\cpp20_server\cpp20_gameserver\moduleserver\servercore\x64\debug\corepch.obj
c:\gamedev\cpp20_server\cpp20_gameserver\moduleserver\servercore\x64\debug\stack_c3szaf11z9sfvalp.ifc
c:\gamedev\cpp20_server\cpp20_gameserver\moduleserver\servercore\x64\debug\stack_c3szaf11z9sfvalp.ifc.d.json
c:\gamedev\cpp20_server\cpp20_gameserver\moduleserver\servercore\x64\debug\stack_c3szaf11z9sfvalp.obj
c:\gamedev\cpp20_server\cpp20_gameserver\moduleserver\servercore\x64\debug\queue_2r2388pjjrh3clqc.ifc
c:\gamedev\cpp20_server\cpp20_gameserver\moduleserver\servercore\x64\debug\queue_2r2388pjjrh3clqc.ifc.d.json
c:\gamedev\cpp20_server\cpp20_gameserver\moduleserver\servercore\x64\debug\queue_2r2388pjjrh3clqc.obj
c:\gamedev\cpp20_server\cpp20_gameserver\moduleserver\servercore\x64\debug\chrono_7zkgowfdgqxga80l.ifc
c:\gamedev\cpp20_server\cpp20_gameserver\moduleserver\servercore\x64\debug\chrono_7zkgowfdgqxga80l.ifc.d.json
c:\gamedev\cpp20_server\cpp20_gameserver\moduleserver\servercore\x64\debug\chrono_7zkgowfdgqxga80l.obj
c:\gamedev\cpp20_server\cpp20_gameserver\moduleserver\servercore\x64\debug\mutex_3g198entrl4ebdbr.ifc
c:\gamedev\cpp20_server\cpp20_gameserver\moduleserver\servercore\x64\debug\mutex_3g198entrl4ebdbr.ifc.d.json
c:\gamedev\cpp20_server\cpp20_gameserver\moduleserver\servercore\x64\debug\mutex_3g198entrl4ebdbr.obj
c:\gamedev\cpp20_server\cpp20_gameserver\moduleserver\servercore\x64\debug\list_iw2uu0072y2fr0mr.ifc
c:\gamedev\cpp20_server\cpp20_gameserver\moduleserver\servercore\x64\debug\list_iw2uu0072y2fr0mr.ifc.d.json
c:\gamedev\cpp20_server\cpp20_gameserver\moduleserver\servercore\x64\debug\list_iw2uu0072y2fr0mr.obj
c:\gamedev\cpp20_server\cpp20_gameserver\moduleserver\servercore\x64\debug\types.ixx.ifc
c:\gamedev\cpp20_server\cpp20_gameserver\moduleserver\servercore\x64\debug\types.ixx.ifc.d.json
c:\gamedev\cpp20_server\cpp20_gameserver\moduleserver\servercore\x64\debug\types.ixx.obj
c:\gamedev\cpp20_server\cpp20_gameserver\moduleserver\servercore\x64\debug\pch.ixx.ifc
c:\gamedev\cpp20_server\cpp20_gameserver\moduleserver\servercore\x64\debug\pch.ixx.ifc.d.json
c:\gamedev\cpp20_server\cpp20_gameserver\moduleserver\servercore\x64\debug\pch.ixx.obj
c:\gamedev\cpp20_server\cpp20_gameserver\moduleserver\servercore\x64\debug\map_8570phep5qdmo5lf.ifc
c:\gamedev\cpp20_server\cpp20_gameserver\moduleserver\servercore\x64\debug\map_8570phep5qdmo5lf.ifc.d.json
c:\gamedev\cpp20_server\cpp20_gameserver\moduleserver\servercore\x64\debug\map_8570phep5qdmo5lf.obj
c:\gamedev\cpp20_server\cpp20_gameserver\moduleserver\servercore\x64\debug\unordered_set_j73q38hwr23sb0t2.ifc
c:\gamedev\cpp20_server\cpp20_gameserver\moduleserver\servercore\x64\debug\unordered_set_j73q38hwr23sb0t2.ifc.d.json
c:\gamedev\cpp20_server\cpp20_gameserver\moduleserver\servercore\x64\debug\unordered_set_j73q38hwr23sb0t2.obj
c:\gamedev\cpp20_server\cpp20_gameserver\moduleserver\servercore\x64\debug\iostream_07knffsxnv90m0ym.ifc
c:\gamedev\cpp20_server\cpp20_gameserver\moduleserver\servercore\x64\debug\iostream_07knffsxnv90m0ym.ifc.d.json
c:\gamedev\cpp20_server\cpp20_gameserver\moduleserver\servercore\x64\debug\iostream_07knffsxnv90m0ym.obj
c:\gamedev\cpp20_server\cpp20_gameserver\moduleserver\servercore\x64\debug\atomic_pe9tmwtx1r0sjy4l.ifc
c:\gamedev\cpp20_server\cpp20_gameserver\moduleserver\servercore\x64\debug\atomic_pe9tmwtx1r0sjy4l.ifc.d.json
c:\gamedev\cpp20_server\cpp20_gameserver\moduleserver\servercore\x64\debug\atomic_pe9tmwtx1r0sjy4l.obj
c:\gamedev\cpp20_server\cpp20_gameserver\moduleserver\servercore\x64\debug\unordered_map_1drn86e16rtcd4qs.ifc
c:\gamedev\cpp20_server\cpp20_gameserver\moduleserver\servercore\x64\debug\unordered_map_1drn86e16rtcd4qs.ifc.d.json
c:\gamedev\cpp20_server\cpp20_gameserver\moduleserver\servercore\x64\debug\unordered_map_1drn86e16rtcd4qs.obj
c:\gamedev\cpp20_server\cpp20_gameserver\moduleserver\servercore\x64\debug\semaphore_2e3aimsvkmwnvbz1.ifc
c:\gamedev\cpp20_server\cpp20_gameserver\moduleserver\servercore\x64\debug\semaphore_2e3aimsvkmwnvbz1.ifc.d.json
c:\gamedev\cpp20_server\cpp20_gameserver\moduleserver\servercore\x64\debug\semaphore_2e3aimsvkmwnvbz1.obj
c:\gamedev\cpp20_server\cpp20_gameserver\moduleserver\servercore\x64\debug\thread_sbv262n0jljym738.ifc
c:\gamedev\cpp20_server\cpp20_gameserver\moduleserver\servercore\x64\debug\thread_sbv262n0jljym738.ifc.d.json
c:\gamedev\cpp20_server\cpp20_gameserver\moduleserver\servercore\x64\debug\thread_sbv262n0jljym738.obj
c:\gamedev\cpp20_server\cpp20_gameserver\moduleserver\servercore\x64\debug\syncstream_68uqw4fn0zgrv1x8.ifc
c:\gamedev\cpp20_server\cpp20_gameserver\moduleserver\servercore\x64\debug\syncstream_68uqw4fn0zgrv1x8.ifc.d.json
c:\gamedev\cpp20_server\cpp20_gameserver\moduleserver\servercore\x64\debug\syncstream_68uqw4fn0zgrv1x8.obj
c:\gamedev\cpp20_server\cpp20_gameserver\moduleserver\servercore\x64\debug\set_6sly5bu9e3235iql.ifc
c:\gamedev\cpp20_server\cpp20_gameserver\moduleserver\servercore\x64\debug\set_6sly5bu9e3235iql.ifc.d.json
c:\gamedev\cpp20_server\cpp20_gameserver\moduleserver\servercore\x64\debug\set_6sly5bu9e3235iql.obj
c:\gamedev\cpp20_server\cpp20_gameserver\moduleserver\servercore\x64\debug\future_kztpoybu32i8x2de.ifc
c:\gamedev\cpp20_server\cpp20_gameserver\moduleserver\servercore\x64\debug\future_kztpoybu32i8x2de.ifc.d.json
c:\gamedev\cpp20_server\cpp20_gameserver\moduleserver\servercore\x64\debug\future_kztpoybu32i8x2de.obj
c:\gamedev\cpp20_server\cpp20_gameserver\moduleserver\servercore\x64\debug\vector_qt0ffqz3em8xd0g4.ifc
c:\gamedev\cpp20_server\cpp20_gameserver\moduleserver\servercore\x64\debug\vector_qt0ffqz3em8xd0g4.ifc.d.json
c:\gamedev\cpp20_server\cpp20_gameserver\moduleserver\servercore\x64\debug\vector_qt0ffqz3em8xd0g4.obj
c:\gamedev\cpp20_server\cpp20_gameserver\moduleserver\servercore\x64\debug\stop_token_3x6b4hkn6y9wjnf9.ifc
c:\gamedev\cpp20_server\cpp20_gameserver\moduleserver\servercore\x64\debug\stop_token_3x6b4hkn6y9wjnf9.ifc.d.json
c:\gamedev\cpp20_server\cpp20_gameserver\moduleserver\servercore\x64\debug\stop_token_3x6b4hkn6y9wjnf9.obj
c:\gamedev\cpp20_server\cpp20_gameserver\moduleserver\servercore\x64\debug\corepch.ixx.ifc
c:\gamedev\cpp20_server\cpp20_gameserver\moduleserver\servercore\x64\debug\corepch.ixx.ifc.d.json
c:\gamedev\cpp20_server\cpp20_gameserver\moduleserver\servercore\x64\debug\corepch.ixx.obj
c:\gamedev\cpp20_server\cpp20_gameserver\moduleserver\servercore\x64\debug\memory_hlwohj6n5qakade9.ifc
c:\gamedev\cpp20_server\cpp20_gameserver\moduleserver\servercore\x64\debug\memory_hlwohj6n5qakade9.ifc.d.json
c:\gamedev\cpp20_server\cpp20_gameserver\moduleserver\servercore\x64\debug\memory_hlwohj6n5qakade9.obj
c:\gamedev\cpp20_server\cpp20_gameserver\moduleserver\servercore\x64\debug\utility_gf0crz9svk9243fw.ifc
c:\gamedev\cpp20_server\cpp20_gameserver\moduleserver\servercore\x64\debug\utility_gf0crz9svk9243fw.ifc.d.json
c:\gamedev\cpp20_server\cpp20_gameserver\moduleserver\servercore\x64\debug\utility_gf0crz9svk9243fw.obj
c:\gamedev\cpp20_server\cpp20_gameserver\moduleserver\libraries\debug\servercore.lib
c:\gamedev\cpp20_server\cpp20_gameserver\moduleserver\servercore\x64\debug\types.ixx.module.json
c:\gamedev\cpp20_server\cpp20_gameserver\moduleserver\servercore\x64\debug\pch.ixx.module.json
c:\gamedev\cpp20_server\cpp20_gameserver\moduleserver\servercore\x64\debug\list_iw2uu0072y2fr0mr.module.json
c:\gamedev\cpp20_server\cpp20_gameserver\moduleserver\servercore\x64\debug\vector_qt0ffqz3em8xd0g4.module.json
c:\gamedev\cpp20_server\cpp20_gameserver\moduleserver\servercore\x64\debug\atomic_pe9tmwtx1r0sjy4l.module.json
c:\gamedev\cpp20_server\cpp20_gameserver\moduleserver\servercore\x64\debug\future_kztpoybu32i8x2de.module.json
c:\gamedev\cpp20_server\cpp20_gameserver\moduleserver\servercore\x64\debug\chrono_7zkgowfdgqxga80l.module.json
c:\gamedev\cpp20_server\cpp20_gameserver\moduleserver\servercore\x64\debug\thread_sbv262n0jljym738.module.json
c:\gamedev\cpp20_server\cpp20_gameserver\moduleserver\servercore\x64\debug\queue_2r2388pjjrh3clqc.module.json
c:\gamedev\cpp20_server\cpp20_gameserver\moduleserver\servercore\x64\debug\syncstream_68uqw4fn0zgrv1x8.module.json
c:\gamedev\cpp20_server\cpp20_gameserver\moduleserver\servercore\x64\debug\semaphore_2e3aimsvkmwnvbz1.module.json
c:\gamedev\cpp20_server\cpp20_gameserver\moduleserver\servercore\x64\debug\stack_c3szaf11z9sfvalp.module.json
c:\gamedev\cpp20_server\cpp20_gameserver\moduleserver\servercore\x64\debug\iostream_07knffsxnv90m0ym.module.json
c:\gamedev\cpp20_server\cpp20_gameserver\moduleserver\servercore\x64\debug\unordered_map_1drn86e16rtcd4qs.module.json
c:\gamedev\cpp20_server\cpp20_gameserver\moduleserver\servercore\x64\debug\mutex_3g198entrl4ebdbr.module.json
c:\gamedev\cpp20_server\cpp20_gameserver\moduleserver\servercore\x64\debug\set_6sly5bu9e3235iql.module.json
c:\gamedev\cpp20_server\cpp20_gameserver\moduleserver\servercore\x64\debug\map_8570phep5qdmo5lf.module.json
c:\gamedev\cpp20_server\cpp20_gameserver\moduleserver\servercore\x64\debug\unordered_set_j73q38hwr23sb0t2.module.json
c:\gamedev\cpp20_server\cpp20_gameserver\moduleserver\servercore\x64\debug\corepch.ixx.module.json
c:\gamedev\cpp20_server\cpp20_gameserver\moduleserver\servercore\x64\debug\memory_hlwohj6n5qakade9.module.json
c:\gamedev\cpp20_server\cpp20_gameserver\moduleserver\servercore\x64\debug\stop_token_3x6b4hkn6y9wjnf9.module.json
c:\gamedev\cpp20_server\cpp20_gameserver\moduleserver\servercore\x64\debug\utility_gf0crz9svk9243fw.module.json
c:\gamedev\cpp20_server\cpp20_gameserver\moduleserver\servercore\x64\debug\servercore.tlog\cl.command.1.tlog
c:\gamedev\cpp20_server\cpp20_gameserver\moduleserver\servercore\x64\debug\servercore.tlog\cl.items.tlog
c:\gamedev\cpp20_server\cpp20_gameserver\moduleserver\servercore\x64\debug\servercore.tlog\cl.read.1.tlog
c:\gamedev\cpp20_server\cpp20_gameserver\moduleserver\servercore\x64\debug\servercore.tlog\cl.write.1.tlog
c:\gamedev\cpp20_server\cpp20_gameserver\moduleserver\servercore\x64\debug\servercore.tlog\lib-link.read.1.tlog
c:\gamedev\cpp20_server\cpp20_gameserver\moduleserver\servercore\x64\debug\servercore.tlog\lib-link.write.1.tlog
c:\gamedev\cpp20_server\cpp20_gameserver\moduleserver\servercore\x64\debug\servercore.tlog\lib.command.1.tlog
c:\gamedev\cpp20_server\cpp20_gameserver\moduleserver\servercore\x64\debug\servercore_md.tlog\cl.command.1.tlog
c:\gamedev\cpp20_server\cpp20_gameserver\moduleserver\servercore\x64\debug\servercore_md.tlog\microsoft.build.cpptasks.cl.read.1.tlog
c:\gamedev\cpp20_server\cpp20_gameserver\moduleserver\servercore\x64\debug\servercore_md.tlog\microsoft.build.cpptasks.cl.write.1.tlog
