  모듈 종속성의 소스를 검사하는 중...
  Types.ixx
  pch.ixx
  CorePch.ixx
  list
  vector
  thread
  stack
  set
  queue
  chrono
  atomic
  unordered_map
  mutex
  map
  unordered_set
  semaphore
  iostream
  syncstream
  future
  컴파일하는 중...
  thread
  stack
  queue
  map
  chrono
  list
  atomic
  unordered_set
  mutex
  vector
  set
  unordered_map
  syncstream
  semaphore
  future
  iostream
  Types.ixx
  CorePch.ixx
  pch.ixx
  CorePch.cpp
  ServerCore.vcxproj -> C:\GameDev\CPP20_Server\CPP20_GameServer\ModuleServer\Libraries\Debug\ServerCore.lib
